<?xml version="1.0" encoding="utf-8"?>
<coverage line-rate="0.09570000000000001" branch-rate="0.0449" version="1.9" timestamp="1789398197" lines-covered="529" lines-valid="5525" branches-covered="32" branches-valid="712">
  <sources>
    <source>C:\Users\patza\TechLogisticsProyecto\</source>
  </sources>
  <packages>
    <package name="TechLogistics.Client" line-rate="0.0127" branch-rate="0.0042" complexity="683">
      <classes>
        <class name="Program/&lt;&lt;Main&gt;$&gt;d__0" filename="TechLogistics.Client\Program.cs" line-rate="0" branch-rate="1" complexity="1">
          <methods>
            <method name="MoveNext" signature="()" line-rate="0" branch-rate="1" complexity="1">
              <lines>
                <line number="7" hits="0" branch="False" />
                <line number="9" hits="0" branch="False" />
                <line number="10" hits="0" branch="False" />
                <line number="11" hits="0" branch="False" />
                <line number="12" hits="0" branch="False" />
                <line number="13" hits="0" branch="False" />
                <line number="14" hits="0" branch="False" />
                <line number="15" hits="0" branch="False" />
                <line number="17" hits="0" branch="False" />
                <line number="18" hits="0" branch="False" />
                <line number="19" hits="0" branch="False" />
                <line number="20" hits="0" branch="False" />
                <line number="21" hits="0" branch="False" />
                <line number="22" hits="0" branch="False" />
                <line number="23" hits="0" branch="False" />
                <line number="24" hits="0" branch="False" />
                <line number="25" hits="0" branch="False" />
                <line number="26" hits="0" branch="False" />
                <line number="27" hits="0" branch="False" />
                <line number="28" hits="0" branch="False" />
                <line number="29" hits="0" branch="False" />
                <line number="30" hits="0" branch="False" />
                <line number="33" hits="0" branch="False" />
                <line number="34" hits="0" branch="False" />
                <line number="35" hits="0" branch="False" />
                <line number="36" hits="0" branch="False" />
                <line number="37" hits="0" branch="False" />
                <line number="38" hits="0" branch="False" />
                <line number="41" hits="0" branch="False" />
                <line number="43" hits="0" branch="False" />
                <line number="44" hits="0" branch="False" />
                <line number="46" hits="0" branch="False" />
                <line number="47" hits="0" branch="False" />
                <line number="48" hits="0" branch="False" />
                <line number="49" hits="0" branch="False" />
                <line number="52" hits="0" branch="False" />
                <line number="54" hits="0" branch="False" />
              </lines>
            </method>
          </methods>
          <lines>
            <line number="7" hits="0" branch="False" />
            <line number="9" hits="0" branch="False" />
            <line number="10" hits="0" branch="False" />
            <line number="11" hits="0" branch="False" />
            <line number="12" hits="0" branch="False" />
            <line number="13" hits="0" branch="False" />
            <line number="14" hits="0" branch="False" />
            <line number="15" hits="0" branch="False" />
            <line number="17" hits="0" branch="False" />
            <line number="18" hits="0" branch="False" />
            <line number="19" hits="0" branch="False" />
            <line number="20" hits="0" branch="False" />
            <line number="21" hits="0" branch="False" />
            <line number="22" hits="0" branch="False" />
            <line number="23" hits="0" branch="False" />
            <line number="24" hits="0" branch="False" />
            <line number="25" hits="0" branch="False" />
            <line number="26" hits="0" branch="False" />
            <line number="27" hits="0" branch="False" />
            <line number="28" hits="0" branch="False" />
            <line number="29" hits="0" branch="False" />
            <line number="30" hits="0" branch="False" />
            <line number="33" hits="0" branch="False" />
            <line number="34" hits="0" branch="False" />
            <line number="35" hits="0" branch="False" />
            <line number="36" hits="0" branch="False" />
            <line number="37" hits="0" branch="False" />
            <line number="38" hits="0" branch="False" />
            <line number="41" hits="0" branch="False" />
            <line number="43" hits="0" branch="False" />
            <line number="44" hits="0" branch="False" />
            <line number="46" hits="0" branch="False" />
            <line number="47" hits="0" branch="False" />
            <line number="48" hits="0" branch="False" />
            <line number="49" hits="0" branch="False" />
            <line number="52" hits="0" branch="False" />
            <line number="54" hits="0" branch="False" />
          </lines>
        </class>
        <class name="TechLogistics.Grpc.TelemetriaReflection" filename="TechLogistics.Client\obj\Debug\net10.0\Telemetria.cs" line-rate="0" branch-rate="1" complexity="2">
          <methods>
            <method name="get_Descriptor" signature="()" line-rate="0" branch-rate="1" complexity="1">
              <lines>
                <line number="20" hits="0" branch="False" />
              </lines>
            </method>
            <method name=".cctor" signature="()" line-rate="0" branch-rate="1" complexity="1">
              <lines>
                <line number="24" hits="0" branch="False" />
                <line number="25" hits="0" branch="False" />
                <line number="26" hits="0" branch="False" />
                <line number="27" hits="0" branch="False" />
                <line number="28" hits="0" branch="False" />
                <line number="29" hits="0" branch="False" />
                <line number="30" hits="0" branch="False" />
                <line number="31" hits="0" branch="False" />
                <line number="32" hits="0" branch="False" />
                <line number="33" hits="0" branch="False" />
                <line number="34" hits="0" branch="False" />
                <line number="35" hits="0" branch="False" />
                <line number="36" hits="0" branch="False" />
                <line number="37" hits="0" branch="False" />
                <line number="38" hits="0" branch="False" />
                <line number="39" hits="0" branch="False" />
                <line number="40" hits="0" branch="False" />
                <line number="41" hits="0" branch="False" />
                <line number="42" hits="0" branch="False" />
              </lines>
            </method>
          </methods>
          <lines>
            <line number="20" hits="0" branch="False" />
            <line number="24" hits="0" branch="False" />
            <line number="25" hits="0" branch="False" />
            <line number="26" hits="0" branch="False" />
            <line number="27" hits="0" branch="False" />
            <line number="28" hits="0" branch="False" />
            <line number="29" hits="0" branch="False" />
            <line number="30" hits="0" branch="False" />
            <line number="31" hits="0" branch="False" />
            <line number="32" hits="0" branch="False" />
            <line number="33" hits="0" branch="False" />
            <line number="34" hits="0" branch="False" />
            <line number="35" hits="0" branch="False" />
            <line number="36" hits="0" branch="False" />
            <line number="37" hits="0" branch="False" />
            <line number="38" hits="0" branch="False" />
            <line number="39" hits="0" branch="False" />
            <line number="40" hits="0" branch="False" />
            <line number="41" hits="0" branch="False" />
            <line number="42" hits="0" branch="False" />
          </lines>
        </class>
        <class name="TechLogistics.Grpc.SuscripcionInventarioRequest" filename="TechLogistics.Client\obj\Debug\net10.0\Telemetria.cs" line-rate="0" branch-rate="0" complexity="41">
          <methods>
            <method name="get_Parser" signature="()" line-rate="0" branch-rate="1" complexity="1">
              <lines>
                <line number="57" hits="0" branch="False" />
              </lines>
            </method>
            <method name="get_Descriptor" signature="()" line-rate="0" branch-rate="1" complexity="1">
              <lines>
                <line number="62" hits="0" branch="False" />
              </lines>
            </method>
            <method name="Google.Protobuf.IMessage.get_Descriptor" signature="()" line-rate="0" branch-rate="1" complexity="1">
              <lines>
                <line number="68" hits="0" branch="False" />
              </lines>
            </method>
            <method name="Clone" signature="()" line-rate="0" branch-rate="1" complexity="1">
              <lines>
                <line number="88" hits="0" branch="False" />
                <line number="89" hits="0" branch="False" />
                <line number="90" hits="0" branch="False" />
              </lines>
            </method>
            <method name="get_CentroId" signature="()" line-rate="0" branch-rate="1" complexity="1">
              <lines>
                <line number="98" hits="0" branch="False" />
              </lines>
            </method>
            <method name="set_CentroId" signature="(System.Int32)" line-rate="0" branch-rate="1" complexity="1">
              <lines>
                <line number="99" hits="0" branch="False" />
                <line number="100" hits="0" branch="False" />
                <line number="101" hits="0" branch="False" />
              </lines>
            </method>
            <method name="Equals" signature="(System.Object)" line-rate="0" branch-rate="1" complexity="1">
              <lines>
                <line number="106" hits="0" branch="False" />
                <line number="107" hits="0" branch="False" />
                <line number="108" hits="0" branch="False" />
              </lines>
            </method>
            <method name="Equals" signature="(TechLogistics.Grpc.SuscripcionInventarioRequest)" line-rate="0" branch-rate="0" complexity="6">
              <lines>
                <line number="112" hits="0" branch="False" />
                <line number="113" hits="0" branch="True" condition-coverage="0% (0/2)">
                  <conditions>
                    <condition number="7" type="jump" coverage="0%" />
                  </conditions>
                </line>
                <line number="114" hits="0" branch="False" />
                <line number="116" hits="0" branch="True" condition-coverage="0% (0/2)">
                  <conditions>
                    <condition number="20" type="jump" coverage="0%" />
                  </conditions>
                </line>
                <line number="117" hits="0" branch="False" />
                <line number="119" hits="0" branch="True" condition-coverage="0% (0/2)">
                  <conditions>
                    <condition number="46" type="jump" coverage="0%" />
                  </conditions>
                </line>
                <line number="120" hits="0" branch="False" />
                <line number="121" hits="0" branch="False" />
              </lines>
            </method>
            <method name="GetHashCode" signature="()" line-rate="0" branch-rate="0" complexity="4">
              <lines>
                <line number="125" hits="0" branch="False" />
                <line number="126" hits="0" branch="False" />
                <line number="127" hits="0" branch="True" condition-coverage="0% (0/2)">
                  <conditions>
                    <condition number="14" type="jump" coverage="0%" />
                  </conditions>
                </line>
                <line number="128" hits="0" branch="True" condition-coverage="0% (0/2)">
                  <conditions>
                    <condition number="44" type="jump" coverage="0%" />
                  </conditions>
                </line>
                <line number="129" hits="0" branch="False" />
                <line number="130" hits="0" branch="False" />
                <line number="131" hits="0" branch="False" />
                <line number="132" hits="0" branch="False" />
              </lines>
            </method>
            <method name="ToString" signature="()" line-rate="0" branch-rate="1" complexity="1">
              <lines>
                <line number="136" hits="0" branch="False" />
                <line number="137" hits="0" branch="False" />
                <line number="138" hits="0" branch="False" />
              </lines>
            </method>
            <method name="WriteTo" signature="(Google.Protobuf.CodedOutputStream)" line-rate="0" branch-rate="1" complexity="1">
              <lines>
                <line number="142" hits="0" branch="False" />
                <line number="144" hits="0" branch="False" />
                <line number="154" hits="0" branch="False" />
              </lines>
            </method>
            <method name="Google.Protobuf.IBufferMessage.InternalWriteTo" signature="(Google.Protobuf.WriteContext&amp;)" line-rate="0" branch-rate="0" complexity="4">
              <lines>
                <line number="159" hits="0" branch="False" />
                <line number="160" hits="0" branch="True" condition-coverage="0% (0/2)">
                  <conditions>
                    <condition number="12" type="jump" coverage="0%" />
                  </conditions>
                </line>
                <line number="161" hits="0" branch="False" />
                <line number="162" hits="0" branch="False" />
                <line number="163" hits="0" branch="False" />
                <line number="164" hits="0" branch="True" condition-coverage="0% (0/2)">
                  <conditions>
                    <condition number="48" type="jump" coverage="0%" />
                  </conditions>
                </line>
                <line number="165" hits="0" branch="False" />
                <line number="166" hits="0" branch="False" />
                <line number="167" hits="0" branch="False" />
              </lines>
            </method>
            <method name="CalculateSize" signature="()" line-rate="0" branch-rate="0" complexity="4">
              <lines>
                <line number="172" hits="0" branch="False" />
                <line number="173" hits="0" branch="False" />
                <line number="174" hits="0" branch="True" condition-coverage="0% (0/2)">
                  <conditions>
                    <condition number="14" type="jump" coverage="0%" />
                  </conditions>
                </line>
                <line number="175" hits="0" branch="False" />
                <line number="176" hits="0" branch="False" />
                <line number="177" hits="0" branch="True" condition-coverage="0% (0/2)">
                  <conditions>
                    <condition number="45" type="jump" coverage="0%" />
                  </conditions>
                </line>
                <line number="178" hits="0" branch="False" />
                <line number="179" hits="0" branch="False" />
                <line number="180" hits="0" branch="False" />
                <line number="181" hits="0" branch="False" />
              </lines>
            </method>
            <method name="MergeFrom" signature="(TechLogistics.Grpc.SuscripcionInventarioRequest)" line-rate="0" branch-rate="0" complexity="4">
              <lines>
                <line number="185" hits="0" branch="False" />
                <line number="186" hits="0" branch="True" condition-coverage="0% (0/2)">
                  <conditions>
                    <condition number="7" type="jump" coverage="0%" />
                  </conditions>
                </line>
                <line number="187" hits="0" branch="False" />
                <line number="189" hits="0" branch="True" condition-coverage="0% (0/2)">
                  <conditions>
                    <condition number="23" type="jump" coverage="0%" />
                  </conditions>
                </line>
                <line number="190" hits="0" branch="False" />
                <line number="191" hits="0" branch="False" />
                <line number="192" hits="0" branch="False" />
                <line number="193" hits="0" branch="False" />
              </lines>
            </method>
            <method name="MergeFrom" signature="(Google.Protobuf.CodedInputStream)" line-rate="0" branch-rate="1" complexity="1">
              <lines>
                <line number="197" hits="0" branch="False" />
                <line number="199" hits="0" branch="False" />
                <line number="218" hits="0" branch="False" />
              </lines>
            </method>
            <method name="Google.Protobuf.IBufferMessage.InternalMergeFrom" signature="(Google.Protobuf.ParseContext&amp;)" line-rate="0" branch-rate="0" complexity="6">
              <lines>
                <line number="223" hits="0" branch="False" />
                <line number="225" hits="0" branch="True" condition-coverage="0% (0/2)">
                  <conditions>
                    <condition number="79" type="jump" coverage="0%" />
                  </conditions>
                </line>
                <line number="226" hits="0" branch="True" condition-coverage="0% (0/2)">
                  <conditions>
                    <condition number="12" type="jump" coverage="0%" />
                  </conditions>
                </line>
                <line number="228" hits="0" branch="False" />
                <line number="230" hits="0" branch="True" condition-coverage="0% (0/2)">
                  <conditions>
                    <condition number="23" type="jump" coverage="0%" />
                  </conditions>
                </line>
                <line number="232" hits="0" branch="False" />
                <line number="233" hits="0" branch="False" />
                <line number="234" hits="0" branch="False" />
                <line number="235" hits="0" branch="False" />
                <line number="236" hits="0" branch="False" />
                <line number="239" hits="0" branch="False" />
                <line number="240" hits="0" branch="False" />
              </lines>
            </method>
            <method name=".ctor" signature="()" line-rate="0" branch-rate="1" complexity="1">
              <lines>
                <line number="73" hits="0" branch="False" />
                <line number="75" hits="0" branch="False" />
              </lines>
            </method>
            <method name=".ctor" signature="(TechLogistics.Grpc.SuscripcionInventarioRequest)" line-rate="0" branch-rate="1" complexity="1">
              <lines>
                <line number="81" hits="0" branch="False" />
                <line number="82" hits="0" branch="False" />
                <line number="83" hits="0" branch="False" />
                <line number="84" hits="0" branch="False" />
              </lines>
            </method>
            <method name=".cctor" signature="()" line-rate="0" branch-rate="1" complexity="1">
              <lines>
                <line number="53" hits="0" branch="False" />
              </lines>
            </method>
          </methods>
          <lines>
            <line number="57" hits="0" branch="False" />
            <line number="62" hits="0" branch="False" />
            <line number="68" hits="0" branch="False" />
            <line number="88" hits="0" branch="False" />
            <line number="89" hits="0" branch="False" />
            <line number="90" hits="0" branch="False" />
            <line number="98" hits="0" branch="False" />
            <line number="99" hits="0" branch="False" />
            <line number="100" hits="0" branch="False" />
            <line number="101" hits="0" branch="False" />
            <line number="106" hits="0" branch="False" />
            <line number="107" hits="0" branch="False" />
            <line number="108" hits="0" branch="False" />
            <line number="112" hits="0" branch="False" />
            <line number="113" hits="0" branch="True" condition-coverage="0% (0/2)">
              <conditions>
                <condition number="7" type="jump" coverage="0%" />
              </conditions>
            </line>
            <line number="114" hits="0" branch="False" />
            <line number="116" hits="0" branch="True" condition-coverage="0% (0/2)">
              <conditions>
                <condition number="20" type="jump" coverage="0%" />
              </conditions>
            </line>
            <line number="117" hits="0" branch="False" />
            <line number="119" hits="0" branch="True" condition-coverage="0% (0/2)">
              <conditions>
                <condition number="46" type="jump" coverage="0%" />
              </conditions>
            </line>
            <line number="120" hits="0" branch="False" />
            <line number="121" hits="0" branch="False" />
            <line number="125" hits="0" branch="False" />
            <line number="126" hits="0" branch="False" />
            <line number="127" hits="0" branch="True" condition-coverage="0% (0/2)">
              <conditions>
                <condition number="14" type="jump" coverage="0%" />
              </conditions>
            </line>
            <line number="128" hits="0" branch="True" condition-coverage="0% (0/2)">
              <conditions>
                <condition number="44" type="jump" coverage="0%" />
              </conditions>
            </line>
            <line number="129" hits="0" branch="False" />
            <line number="130" hits="0" branch="False" />
            <line number="131" hits="0" branch="False" />
            <line number="132" hits="0" branch="False" />
            <line number="136" hits="0" branch="False" />
            <line number="137" hits="0" branch="False" />
            <line number="138" hits="0" branch="False" />
            <line number="142" hits="0" branch="False" />
            <line number="144" hits="0" branch="False" />
            <line number="154" hits="0" branch="False" />
            <line number="159" hits="0" branch="False" />
            <line number="160" hits="0" branch="True" condition-coverage="0% (0/2)">
              <conditions>
                <condition number="12" type="jump" coverage="0%" />
              </conditions>
            </line>
            <line number="161" hits="0" branch="False" />
            <line number="162" hits="0" branch="False" />
            <line number="163" hits="0" branch="False" />
            <line number="164" hits="0" branch="True" condition-coverage="0% (0/2)">
              <conditions>
                <condition number="48" type="jump" coverage="0%" />
              </conditions>
            </line>
            <line number="165" hits="0" branch="False" />
            <line number="166" hits="0" branch="False" />
            <line number="167" hits="0" branch="False" />
            <line number="172" hits="0" branch="False" />
            <line number="173" hits="0" branch="False" />
            <line number="174" hits="0" branch="True" condition-coverage="0% (0/2)">
              <conditions>
                <condition number="14" type="jump" coverage="0%" />
              </conditions>
            </line>
            <line number="175" hits="0" branch="False" />
            <line number="176" hits="0" branch="False" />
            <line number="177" hits="0" branch="True" condition-coverage="0% (0/2)">
              <conditions>
                <condition number="45" type="jump" coverage="0%" />
              </conditions>
            </line>
            <line number="178" hits="0" branch="False" />
            <line number="179" hits="0" branch="False" />
            <line number="180" hits="0" branch="False" />
            <line number="181" hits="0" branch="False" />
            <line number="185" hits="0" branch="False" />
            <line number="186" hits="0" branch="True" condition-coverage="0% (0/2)">
              <conditions>
                <condition number="7" type="jump" coverage="0%" />
              </conditions>
            </line>
            <line number="187" hits="0" branch="False" />
            <line number="189" hits="0" branch="True" condition-coverage="0% (0/2)">
              <conditions>
                <condition number="23" type="jump" coverage="0%" />
              </conditions>
            </line>
            <line number="190" hits="0" branch="False" />
            <line number="191" hits="0" branch="False" />
            <line number="192" hits="0" branch="False" />
            <line number="193" hits="0" branch="False" />
            <line number="197" hits="0" branch="False" />
            <line number="199" hits="0" branch="False" />
            <line number="218" hits="0" branch="False" />
            <line number="223" hits="0" branch="False" />
            <line number="225" hits="0" branch="True" condition-coverage="0% (0/2)">
              <conditions>
                <condition number="79" type="jump" coverage="0%" />
              </conditions>
            </line>
            <line number="226" hits="0" branch="True" condition-coverage="0% (0/2)">
              <conditions>
                <condition number="12" type="jump" coverage="0%" />
              </conditions>
            </line>
            <line number="228" hits="0" branch="False" />
            <line number="230" hits="0" branch="True" condition-coverage="0% (0/2)">
              <conditions>
                <condition number="23" type="jump" coverage="0%" />
              </conditions>
            </line>
            <line number="232" hits="0" branch="False" />
            <line number="233" hits="0" branch="False" />
            <line number="234" hits="0" branch="False" />
            <line number="235" hits="0" branch="False" />
            <line number="236" hits="0" branch="False" />
            <line number="239" hits="0" branch="False" />
            <line number="240" hits="0" branch="False" />
            <line number="73" hits="0" branch="False" />
            <line number="75" hits="0" branch="False" />
            <line number="81" hits="0" branch="False" />
            <line number="82" hits="0" branch="False" />
            <line number="83" hits="0" branch="False" />
            <line number="84" hits="0" branch="False" />
            <line number="53" hits="0" branch="False" />
          </lines>
        </class>
        <class name="TechLogistics.Grpc.InventarioActualizacion" filename="TechLogistics.Client\obj\Debug\net10.0\Telemetria.cs" line-rate="0.09029999999999999" branch-rate="0" complexity="99">
          <methods>
            <method name="get_Parser" signature="()" line-rate="0" branch-rate="1" complexity="1">
              <lines>
                <line number="255" hits="0" branch="False" />
              </lines>
            </method>
            <method name="get_Descriptor" signature="()" line-rate="0" branch-rate="1" complexity="1">
              <lines>
                <line number="260" hits="0" branch="False" />
              </lines>
            </method>
            <method name="Google.Protobuf.IMessage.get_Descriptor" signature="()" line-rate="0" branch-rate="1" complexity="1">
              <lines>
                <line number="266" hits="0" branch="False" />
              </lines>
            </method>
            <method name="Clone" signature="()" line-rate="0" branch-rate="1" complexity="1">
              <lines>
                <line number="290" hits="0" branch="False" />
                <line number="291" hits="0" branch="False" />
                <line number="292" hits="0" branch="False" />
              </lines>
            </method>
            <method name="get_CentroId" signature="()" line-rate="1" branch-rate="1" complexity="1">
              <lines>
                <line number="300" hits="3" branch="False" />
              </lines>
            </method>
            <method name="set_CentroId" signature="(System.Int32)" line-rate="1" branch-rate="1" complexity="1">
              <lines>
                <line number="301" hits="1" branch="False" />
                <line number="302" hits="1" branch="False" />
                <line number="303" hits="1" branch="False" />
              </lines>
            </method>
            <method name="get_NombreCentro" signature="()" line-rate="1" branch-rate="1" complexity="1">
              <lines>
                <line number="312" hits="12" branch="False" />
              </lines>
            </method>
            <method name="set_NombreCentro" signature="(System.String)" line-rate="0" branch-rate="1" complexity="1">
              <lines>
                <line number="313" hits="0" branch="False" />
                <line number="314" hits="0" branch="False" />
                <line number="315" hits="0" branch="False" />
              </lines>
            </method>
            <method name="get_InventarioTotal" signature="()" line-rate="1" branch-rate="1" complexity="1">
              <lines>
                <line number="324" hits="12" branch="False" />
              </lines>
            </method>
            <method name="set_InventarioTotal" signature="(System.Int32)" line-rate="0" branch-rate="1" complexity="1">
              <lines>
                <line number="325" hits="0" branch="False" />
                <line number="326" hits="0" branch="False" />
                <line number="327" hits="0" branch="False" />
              </lines>
            </method>
            <method name="get_EnLinea" signature="()" line-rate="1" branch-rate="1" complexity="1">
              <lines>
                <line number="336" hits="12" branch="False" />
              </lines>
            </method>
            <method name="set_EnLinea" signature="(System.Boolean)" line-rate="1" branch-rate="1" complexity="1">
              <lines>
                <line number="337" hits="3" branch="False" />
                <line number="338" hits="3" branch="False" />
                <line number="339" hits="3" branch="False" />
              </lines>
            </method>
            <method name="get_UltimaActualizacion" signature="()" line-rate="1" branch-rate="1" complexity="1">
              <lines>
                <line number="348" hits="12" branch="False" />
              </lines>
            </method>
            <method name="set_UltimaActualizacion" signature="(System.String)" line-rate="0" branch-rate="1" complexity="1">
              <lines>
                <line number="349" hits="0" branch="False" />
                <line number="350" hits="0" branch="False" />
                <line number="351" hits="0" branch="False" />
              </lines>
            </method>
            <method name="Equals" signature="(System.Object)" line-rate="0" branch-rate="1" complexity="1">
              <lines>
                <line number="356" hits="0" branch="False" />
                <line number="357" hits="0" branch="False" />
                <line number="358" hits="0" branch="False" />
              </lines>
            </method>
            <method name="Equals" signature="(TechLogistics.Grpc.InventarioActualizacion)" line-rate="0" branch-rate="0" complexity="14">
              <lines>
                <line number="362" hits="0" branch="False" />
                <line number="363" hits="0" branch="True" condition-coverage="0% (0/2)">
                  <conditions>
                    <condition number="7" type="jump" coverage="0%" />
                  </conditions>
                </line>
                <line number="364" hits="0" branch="False" />
                <line number="366" hits="0" branch="True" condition-coverage="0% (0/2)">
                  <conditions>
                    <condition number="23" type="jump" coverage="0%" />
                  </conditions>
                </line>
                <line number="367" hits="0" branch="False" />
                <line number="369" hits="0" branch="True" condition-coverage="0% (0/2)">
                  <conditions>
                    <condition number="52" type="jump" coverage="0%" />
                  </conditions>
                </line>
                <line number="370" hits="0" branch="True" condition-coverage="0% (0/2)">
                  <conditions>
                    <condition number="82" type="jump" coverage="0%" />
                  </conditions>
                </line>
                <line number="371" hits="0" branch="True" condition-coverage="0% (0/2)">
                  <conditions>
                    <condition number="109" type="jump" coverage="0%" />
                  </conditions>
                </line>
                <line number="372" hits="0" branch="True" condition-coverage="0% (0/2)">
                  <conditions>
                    <condition number="136" type="jump" coverage="0%" />
                  </conditions>
                </line>
                <line number="373" hits="0" branch="True" condition-coverage="0% (0/2)">
                  <conditions>
                    <condition number="163" type="jump" coverage="0%" />
                  </conditions>
                </line>
                <line number="374" hits="0" branch="False" />
                <line number="375" hits="0" branch="False" />
              </lines>
            </method>
            <method name="GetHashCode" signature="()" line-rate="0" branch-rate="0" complexity="12">
              <lines>
                <line number="379" hits="0" branch="False" />
                <line number="380" hits="0" branch="False" />
                <line number="381" hits="0" branch="True" condition-coverage="0% (0/2)">
                  <conditions>
                    <condition number="14" type="jump" coverage="0%" />
                  </conditions>
                </line>
                <line number="382" hits="0" branch="True" condition-coverage="0% (0/2)">
                  <conditions>
                    <condition number="49" type="jump" coverage="0%" />
                  </conditions>
                </line>
                <line number="383" hits="0" branch="True" condition-coverage="0% (0/2)">
                  <conditions>
                    <condition number="78" type="jump" coverage="0%" />
                  </conditions>
                </line>
                <line number="384" hits="0" branch="True" condition-coverage="0% (0/2)">
                  <conditions>
                    <condition number="107" type="jump" coverage="0%" />
                  </conditions>
                </line>
                <line number="385" hits="0" branch="True" condition-coverage="0% (0/2)">
                  <conditions>
                    <condition number="145" type="jump" coverage="0%" />
                  </conditions>
                </line>
                <line number="386" hits="0" branch="True" condition-coverage="0% (0/2)">
                  <conditions>
                    <condition number="174" type="jump" coverage="0%" />
                  </conditions>
                </line>
                <line number="387" hits="0" branch="False" />
                <line number="388" hits="0" branch="False" />
                <line number="389" hits="0" branch="False" />
                <line number="390" hits="0" branch="False" />
              </lines>
            </method>
            <method name="ToString" signature="()" line-rate="0" branch-rate="1" complexity="1">
              <lines>
                <line number="394" hits="0" branch="False" />
                <line number="395" hits="0" branch="False" />
                <line number="396" hits="0" branch="False" />
              </lines>
            </method>
            <method name="WriteTo" signature="(Google.Protobuf.CodedOutputStream)" line-rate="0" branch-rate="1" complexity="1">
              <lines>
                <line number="400" hits="0" branch="False" />
                <line number="402" hits="0" branch="False" />
                <line number="428" hits="0" branch="False" />
              </lines>
            </method>
            <method name="Google.Protobuf.IBufferMessage.InternalWriteTo" signature="(Google.Protobuf.WriteContext&amp;)" line-rate="0" branch-rate="0" complexity="12">
              <lines>
                <line number="433" hits="0" branch="False" />
                <line number="434" hits="0" branch="True" condition-coverage="0% (0/2)">
                  <conditions>
                    <condition number="12" type="jump" coverage="0%" />
                  </conditions>
                </line>
                <line number="435" hits="0" branch="False" />
                <line number="436" hits="0" branch="False" />
                <line number="437" hits="0" branch="False" />
                <line number="438" hits="0" branch="True" condition-coverage="0% (0/2)">
                  <conditions>
                    <condition number="53" type="jump" coverage="0%" />
                  </conditions>
                </line>
                <line number="439" hits="0" branch="False" />
                <line number="440" hits="0" branch="False" />
                <line number="441" hits="0" branch="False" />
                <line number="442" hits="0" branch="True" condition-coverage="0% (0/2)">
                  <conditions>
                    <condition number="90" type="jump" coverage="0%" />
                  </conditions>
                </line>
                <line number="443" hits="0" branch="False" />
                <line number="444" hits="0" branch="False" />
                <line number="445" hits="0" branch="False" />
                <line number="446" hits="0" branch="True" condition-coverage="0% (0/2)">
                  <conditions>
                    <condition number="124" type="jump" coverage="0%" />
                  </conditions>
                </line>
                <line number="447" hits="0" branch="False" />
                <line number="448" hits="0" branch="False" />
                <line number="449" hits="0" branch="False" />
                <line number="450" hits="0" branch="True" condition-coverage="0% (0/2)">
                  <conditions>
                    <condition number="168" type="jump" coverage="0%" />
                  </conditions>
                </line>
                <line number="451" hits="0" branch="False" />
                <line number="452" hits="0" branch="False" />
                <line number="453" hits="0" branch="False" />
                <line number="454" hits="0" branch="True" condition-coverage="0% (0/2)">
                  <conditions>
                    <condition number="207" type="jump" coverage="0%" />
                  </conditions>
                </line>
                <line number="455" hits="0" branch="False" />
                <line number="456" hits="0" branch="False" />
                <line number="457" hits="0" branch="False" />
              </lines>
            </method>
            <method name="CalculateSize" signature="()" line-rate="0" branch-rate="0" complexity="12">
              <lines>
                <line number="462" hits="0" branch="False" />
                <line number="463" hits="0" branch="False" />
                <line number="464" hits="0" branch="True" condition-coverage="0% (0/2)">
                  <conditions>
                    <condition number="14" type="jump" coverage="0%" />
                  </conditions>
                </line>
                <line number="465" hits="0" branch="False" />
                <line number="466" hits="0" branch="False" />
                <line number="467" hits="0" branch="True" condition-coverage="0% (0/2)">
                  <conditions>
                    <condition number="50" type="jump" coverage="0%" />
                  </conditions>
                </line>
                <line number="468" hits="0" branch="False" />
                <line number="469" hits="0" branch="False" />
                <line number="470" hits="0" branch="True" condition-coverage="0% (0/2)">
                  <conditions>
                    <condition number="81" type="jump" coverage="0%" />
                  </conditions>
                </line>
                <line number="471" hits="0" branch="False" />
                <line number="472" hits="0" branch="False" />
                <line number="473" hits="0" branch="True" condition-coverage="0% (0/2)">
                  <conditions>
                    <condition number="111" type="jump" coverage="0%" />
                  </conditions>
                </line>
                <line number="474" hits="0" branch="False" />
                <line number="475" hits="0" branch="False" />
                <line number="476" hits="0" branch="True" condition-coverage="0% (0/2)">
                  <conditions>
                    <condition number="137" type="jump" coverage="0%" />
                  </conditions>
                </line>
                <line number="477" hits="0" branch="False" />
                <line number="478" hits="0" branch="False" />
                <line number="479" hits="0" branch="True" condition-coverage="0% (0/2)">
                  <conditions>
                    <condition number="170" type="jump" coverage="0%" />
                  </conditions>
                </line>
                <line number="480" hits="0" branch="False" />
                <line number="481" hits="0" branch="False" />
                <line number="482" hits="0" branch="False" />
                <line number="483" hits="0" branch="False" />
              </lines>
            </method>
            <method name="MergeFrom" signature="(TechLogistics.Grpc.InventarioActualizacion)" line-rate="0" branch-rate="0" complexity="12">
              <lines>
                <line number="487" hits="0" branch="False" />
                <line number="488" hits="0" branch="True" condition-coverage="0% (0/2)">
                  <conditions>
                    <condition number="7" type="jump" coverage="0%" />
                  </conditions>
                </line>
                <line number="489" hits="0" branch="False" />
                <line number="491" hits="0" branch="True" condition-coverage="0% (0/2)">
                  <conditions>
                    <condition number="26" type="jump" coverage="0%" />
                  </conditions>
                </line>
                <line number="492" hits="0" branch="False" />
                <line number="493" hits="0" branch="False" />
                <line number="494" hits="0" branch="True" condition-coverage="0% (0/2)">
                  <conditions>
                    <condition number="59" type="jump" coverage="0%" />
                  </conditions>
                </line>
                <line number="495" hits="0" branch="False" />
                <line number="496" hits="0" branch="False" />
                <line number="497" hits="0" branch="True" condition-coverage="0% (0/2)">
                  <conditions>
                    <condition number="87" type="jump" coverage="0%" />
                  </conditions>
                </line>
                <line number="498" hits="0" branch="False" />
                <line number="499" hits="0" branch="False" />
                <line number="500" hits="0" branch="True" condition-coverage="0% (0/2)">
                  <conditions>
                    <condition number="114" type="jump" coverage="0%" />
                  </conditions>
                </line>
                <line number="501" hits="0" branch="False" />
                <line number="502" hits="0" branch="False" />
                <line number="503" hits="0" branch="True" condition-coverage="0% (0/2)">
                  <conditions>
                    <condition number="149" type="jump" coverage="0%" />
                  </conditions>
                </line>
                <line number="504" hits="0" branch="False" />
                <line number="505" hits="0" branch="False" />
                <line number="506" hits="0" branch="False" />
                <line number="507" hits="0" branch="False" />
              </lines>
            </method>
            <method name="MergeFrom" signature="(Google.Protobuf.CodedInputStream)" line-rate="0" branch-rate="1" complexity="1">
              <lines>
                <line number="511" hits="0" branch="False" />
                <line number="513" hits="0" branch="False" />
                <line number="548" hits="0" branch="False" />
              </lines>
            </method>
            <method name="Google.Protobuf.IBufferMessage.InternalMergeFrom" signature="(Google.Protobuf.ParseContext&amp;)" line-rate="0" branch-rate="0" complexity="16">
              <lines>
                <line number="553" hits="0" branch="False" />
                <line number="555" hits="0" branch="True" condition-coverage="0% (0/2)">
                  <conditions>
                    <condition number="182" type="jump" coverage="0%" />
                  </conditions>
                </line>
                <line number="556" hits="0" branch="True" condition-coverage="0% (0/2)">
                  <conditions>
                    <condition number="15" type="jump" coverage="0%" />
                  </conditions>
                </line>
                <line number="558" hits="0" branch="False" />
                <line number="560" hits="0" branch="True" condition-coverage="0% (0/12)">
                  <conditions>
                    <condition number="30" type="jump" coverage="0%" />
                    <condition number="34" type="jump" coverage="0%" />
                    <condition number="48" type="jump" coverage="0%" />
                    <condition number="55" type="jump" coverage="0%" />
                    <condition number="41" type="jump" coverage="0%" />
                    <condition number="62" type="jump" coverage="0%" />
                  </conditions>
                </line>
                <line number="562" hits="0" branch="False" />
                <line number="563" hits="0" branch="False" />
                <line number="564" hits="0" branch="False" />
                <line number="565" hits="0" branch="False" />
                <line number="566" hits="0" branch="False" />
                <line number="568" hits="0" branch="False" />
                <line number="569" hits="0" branch="False" />
                <line number="570" hits="0" branch="False" />
                <line number="572" hits="0" branch="False" />
                <line number="573" hits="0" branch="False" />
                <line number="574" hits="0" branch="False" />
                <line number="576" hits="0" branch="False" />
                <line number="577" hits="0" branch="False" />
                <line number="578" hits="0" branch="False" />
                <line number="580" hits="0" branch="False" />
                <line number="581" hits="0" branch="False" />
                <line number="582" hits="0" branch="False" />
                <line number="585" hits="0" branch="False" />
                <line number="586" hits="0" branch="False" />
              </lines>
            </method>
            <method name=".ctor" signature="()" line-rate="1" branch-rate="1" complexity="1">
              <lines>
                <line number="271" hits="6" branch="False" />
                <line number="273" hits="3" branch="False" />
                <line number="308" hits="3" branch="False" />
                <line number="344" hits="3" branch="False" />
              </lines>
            </method>
            <method name=".ctor" signature="(TechLogistics.Grpc.InventarioActualizacion)" line-rate="0" branch-rate="1" complexity="1">
              <lines>
                <line number="279" hits="0" branch="False" />
                <line number="280" hits="0" branch="False" />
                <line number="281" hits="0" branch="False" />
                <line number="282" hits="0" branch="False" />
                <line number="283" hits="0" branch="False" />
                <line number="284" hits="0" branch="False" />
                <line number="285" hits="0" branch="False" />
                <line number="286" hits="0" branch="False" />
              </lines>
            </method>
            <method name=".cctor" signature="()" line-rate="0" branch-rate="1" complexity="1">
              <lines>
                <line number="251" hits="0" branch="False" />
              </lines>
            </method>
          </methods>
          <lines>
            <line number="255" hits="0" branch="False" />
            <line number="260" hits="0" branch="False" />
            <line number="266" hits="0" branch="False" />
            <line number="290" hits="0" branch="False" />
            <line number="291" hits="0" branch="False" />
            <line number="292" hits="0" branch="False" />
            <line number="300" hits="3" branch="False" />
            <line number="301" hits="1" branch="False" />
            <line number="302" hits="1" branch="False" />
            <line number="303" hits="1" branch="False" />
            <line number="312" hits="12" branch="False" />
            <line number="313" hits="0" branch="False" />
            <line number="314" hits="0" branch="False" />
            <line number="315" hits="0" branch="False" />
            <line number="324" hits="12" branch="False" />
            <line number="325" hits="0" branch="False" />
            <line number="326" hits="0" branch="False" />
            <line number="327" hits="0" branch="False" />
            <line number="336" hits="12" branch="False" />
            <line number="337" hits="3" branch="False" />
            <line number="338" hits="3" branch="False" />
            <line number="339" hits="3" branch="False" />
            <line number="348" hits="12" branch="False" />
            <line number="349" hits="0" branch="False" />
            <line number="350" hits="0" branch="False" />
            <line number="351" hits="0" branch="False" />
            <line number="356" hits="0" branch="False" />
            <line number="357" hits="0" branch="False" />
            <line number="358" hits="0" branch="False" />
            <line number="362" hits="0" branch="False" />
            <line number="363" hits="0" branch="True" condition-coverage="0% (0/2)">
              <conditions>
                <condition number="7" type="jump" coverage="0%" />
              </conditions>
            </line>
            <line number="364" hits="0" branch="False" />
            <line number="366" hits="0" branch="True" condition-coverage="0% (0/2)">
              <conditions>
                <condition number="23" type="jump" coverage="0%" />
              </conditions>
            </line>
            <line number="367" hits="0" branch="False" />
            <line number="369" hits="0" branch="True" condition-coverage="0% (0/2)">
              <conditions>
                <condition number="52" type="jump" coverage="0%" />
              </conditions>
            </line>
            <line number="370" hits="0" branch="True" condition-coverage="0% (0/2)">
              <conditions>
                <condition number="82" type="jump" coverage="0%" />
              </conditions>
            </line>
            <line number="371" hits="0" branch="True" condition-coverage="0% (0/2)">
              <conditions>
                <condition number="109" type="jump" coverage="0%" />
              </conditions>
            </line>
            <line number="372" hits="0" branch="True" condition-coverage="0% (0/2)">
              <conditions>
                <condition number="136" type="jump" coverage="0%" />
              </conditions>
            </line>
            <line number="373" hits="0" branch="True" condition-coverage="0% (0/2)">
              <conditions>
                <condition number="163" type="jump" coverage="0%" />
              </conditions>
            </line>
            <line number="374" hits="0" branch="False" />
            <line number="375" hits="0" branch="False" />
            <line number="379" hits="0" branch="False" />
            <line number="380" hits="0" branch="False" />
            <line number="381" hits="0" branch="True" condition-coverage="0% (0/2)">
              <conditions>
                <condition number="14" type="jump" coverage="0%" />
              </conditions>
            </line>
            <line number="382" hits="0" branch="True" condition-coverage="0% (0/2)">
              <conditions>
                <condition number="49" type="jump" coverage="0%" />
              </conditions>
            </line>
            <line number="383" hits="0" branch="True" condition-coverage="0% (0/2)">
              <conditions>
                <condition number="78" type="jump" coverage="0%" />
              </conditions>
            </line>
            <line number="384" hits="0" branch="True" condition-coverage="0% (0/2)">
              <conditions>
                <condition number="107" type="jump" coverage="0%" />
              </conditions>
            </line>
            <line number="385" hits="0" branch="True" condition-coverage="0% (0/2)">
              <conditions>
                <condition number="145" type="jump" coverage="0%" />
              </conditions>
            </line>
            <line number="386" hits="0" branch="True" condition-coverage="0% (0/2)">
              <conditions>
                <condition number="174" type="jump" coverage="0%" />
              </conditions>
            </line>
            <line number="387" hits="0" branch="False" />
            <line number="388" hits="0" branch="False" />
            <line number="389" hits="0" branch="False" />
            <line number="390" hits="0" branch="False" />
            <line number="394" hits="0" branch="False" />
            <line number="395" hits="0" branch="False" />
            <line number="396" hits="0" branch="False" />
            <line number="400" hits="0" branch="False" />
            <line number="402" hits="0" branch="False" />
            <line number="428" hits="0" branch="False" />
            <line number="433" hits="0" branch="False" />
            <line number="434" hits="0" branch="True" condition-coverage="0% (0/2)">
              <conditions>
                <condition number="12" type="jump" coverage="0%" />
              </conditions>
            </line>
            <line number="435" hits="0" branch="False" />
            <line number="436" hits="0" branch="False" />
            <line number="437" hits="0" branch="False" />
            <line number="438" hits="0" branch="True" condition-coverage="0% (0/2)">
              <conditions>
                <condition number="53" type="jump" coverage="0%" />
              </conditions>
            </line>
            <line number="439" hits="0" branch="False" />
            <line number="440" hits="0" branch="False" />
            <line number="441" hits="0" branch="False" />
            <line number="442" hits="0" branch="True" condition-coverage="0% (0/2)">
              <conditions>
                <condition number="90" type="jump" coverage="0%" />
              </conditions>
            </line>
            <line number="443" hits="0" branch="False" />
            <line number="444" hits="0" branch="False" />
            <line number="445" hits="0" branch="False" />
            <line number="446" hits="0" branch="True" condition-coverage="0% (0/2)">
              <conditions>
                <condition number="124" type="jump" coverage="0%" />
              </conditions>
            </line>
            <line number="447" hits="0" branch="False" />
            <line number="448" hits="0" branch="False" />
            <line number="449" hits="0" branch="False" />
            <line number="450" hits="0" branch="True" condition-coverage="0% (0/2)">
              <conditions>
                <condition number="168" type="jump" coverage="0%" />
              </conditions>
            </line>
            <line number="451" hits="0" branch="False" />
            <line number="452" hits="0" branch="False" />
            <line number="453" hits="0" branch="False" />
            <line number="454" hits="0" branch="True" condition-coverage="0% (0/2)">
              <conditions>
                <condition number="207" type="jump" coverage="0%" />
              </conditions>
            </line>
            <line number="455" hits="0" branch="False" />
            <line number="456" hits="0" branch="False" />
            <line number="457" hits="0" branch="False" />
            <line number="462" hits="0" branch="False" />
            <line number="463" hits="0" branch="False" />
            <line number="464" hits="0" branch="True" condition-coverage="0% (0/2)">
              <conditions>
                <condition number="14" type="jump" coverage="0%" />
              </conditions>
            </line>
            <line number="465" hits="0" branch="False" />
            <line number="466" hits="0" branch="False" />
            <line number="467" hits="0" branch="True" condition-coverage="0% (0/2)">
              <conditions>
                <condition number="50" type="jump" coverage="0%" />
              </conditions>
            </line>
            <line number="468" hits="0" branch="False" />
            <line number="469" hits="0" branch="False" />
            <line number="470" hits="0" branch="True" condition-coverage="0% (0/2)">
              <conditions>
                <condition number="81" type="jump" coverage="0%" />
              </conditions>
            </line>
            <line number="471" hits="0" branch="False" />
            <line number="472" hits="0" branch="False" />
            <line number="473" hits="0" branch="True" condition-coverage="0% (0/2)">
              <conditions>
                <condition number="111" type="jump" coverage="0%" />
              </conditions>
            </line>
            <line number="474" hits="0" branch="False" />
            <line number="475" hits="0" branch="False" />
            <line number="476" hits="0" branch="True" condition-coverage="0% (0/2)">
              <conditions>
                <condition number="137" type="jump" coverage="0%" />
              </conditions>
            </line>
            <line number="477" hits="0" branch="False" />
            <line number="478" hits="0" branch="False" />
            <line number="479" hits="0" branch="True" condition-coverage="0% (0/2)">
              <conditions>
                <condition number="170" type="jump" coverage="0%" />
              </conditions>
            </line>
            <line number="480" hits="0" branch="False" />
            <line number="481" hits="0" branch="False" />
            <line number="482" hits="0" branch="False" />
            <line number="483" hits="0" branch="False" />
            <line number="487" hits="0" branch="False" />
            <line number="488" hits="0" branch="True" condition-coverage="0% (0/2)">
              <conditions>
                <condition number="7" type="jump" coverage="0%" />
              </conditions>
            </line>
            <line number="489" hits="0" branch="False" />
            <line number="491" hits="0" branch="True" condition-coverage="0% (0/2)">
              <conditions>
                <condition number="26" type="jump" coverage="0%" />
              </conditions>
            </line>
            <line number="492" hits="0" branch="False" />
            <line number="493" hits="0" branch="False" />
            <line number="494" hits="0" branch="True" condition-coverage="0% (0/2)">
              <conditions>
                <condition number="59" type="jump" coverage="0%" />
              </conditions>
            </line>
            <line number="495" hits="0" branch="False" />
            <line number="496" hits="0" branch="False" />
            <line number="497" hits="0" branch="True" condition-coverage="0% (0/2)">
              <conditions>
                <condition number="87" type="jump" coverage="0%" />
              </conditions>
            </line>
            <line number="498" hits="0" branch="False" />
            <line number="499" hits="0" branch="False" />
            <line number="500" hits="0" branch="True" condition-coverage="0% (0/2)">
              <conditions>
                <condition number="114" type="jump" coverage="0%" />
              </conditions>
            </line>
            <line number="501" hits="0" branch="False" />
            <line number="502" hits="0" branch="False" />
            <line number="503" hits="0" branch="True" condition-coverage="0% (0/2)">
              <conditions>
                <condition number="149" type="jump" coverage="0%" />
              </conditions>
            </line>
            <line number="504" hits="0" branch="False" />
            <line number="505" hits="0" branch="False" />
            <line number="506" hits="0" branch="False" />
            <line number="507" hits="0" branch="False" />
            <line number="511" hits="0" branch="False" />
            <line number="513" hits="0" branch="False" />
            <line number="548" hits="0" branch="False" />
            <line number="553" hits="0" branch="False" />
            <line number="555" hits="0" branch="True" condition-coverage="0% (0/2)">
              <conditions>
                <condition number="182" type="jump" coverage="0%" />
              </conditions>
            </line>
            <line number="556" hits="0" branch="True" condition-coverage="0% (0/2)">
              <conditions>
                <condition number="15" type="jump" coverage="0%" />
              </conditions>
            </line>
            <line number="558" hits="0" branch="False" />
            <line number="560" hits="0" branch="True" condition-coverage="0% (0/12)">
              <conditions>
                <condition number="30" type="jump" coverage="0%" />
                <condition number="34" type="jump" coverage="0%" />
                <condition number="48" type="jump" coverage="0%" />
                <condition number="55" type="jump" coverage="0%" />
                <condition number="41" type="jump" coverage="0%" />
                <condition number="62" type="jump" coverage="0%" />
              </conditions>
            </line>
            <line number="562" hits="0" branch="False" />
            <line number="563" hits="0" branch="False" />
            <line number="564" hits="0" branch="False" />
            <line number="565" hits="0" branch="False" />
            <line number="566" hits="0" branch="False" />
            <line number="568" hits="0" branch="False" />
            <line number="569" hits="0" branch="False" />
            <line number="570" hits="0" branch="False" />
            <line number="572" hits="0" branch="False" />
            <line number="573" hits="0" branch="False" />
            <line number="574" hits="0" branch="False" />
            <line number="576" hits="0" branch="False" />
            <line number="577" hits="0" branch="False" />
            <line number="578" hits="0" branch="False" />
            <line number="580" hits="0" branch="False" />
            <line number="581" hits="0" branch="False" />
            <line number="582" hits="0" branch="False" />
            <line number="585" hits="0" branch="False" />
            <line number="586" hits="0" branch="False" />
            <line number="271" hits="6" branch="False" />
            <line number="273" hits="3" branch="False" />
            <line number="308" hits="3" branch="False" />
            <line number="344" hits="3" branch="False" />
            <line number="279" hits="0" branch="False" />
            <line number="280" hits="0" branch="False" />
            <line number="281" hits="0" branch="False" />
            <line number="282" hits="0" branch="False" />
            <line number="283" hits="0" branch="False" />
            <line number="284" hits="0" branch="False" />
            <line number="285" hits="0" branch="False" />
            <line number="286" hits="0" branch="False" />
            <line number="251" hits="0" branch="False" />
          </lines>
        </class>
        <class name="TechLogistics.Grpc.TelemetriaService" filename="TechLogistics.Client\obj\Debug\net10.0\TelemetriaGrpc.cs" line-rate="0" branch-rate="0" complexity="6">
          <methods>
            <method name="__Helper_SerializeMessage" signature="(Google.Protobuf.IMessage,Grpc.Core.SerializationContext)" line-rate="0" branch-rate="0" complexity="2">
              <lines>
                <line number="17" hits="0" branch="False" />
                <line number="19" hits="0" branch="True" condition-coverage="0% (0/2)">
                  <conditions>
                    <condition number="12" type="jump" coverage="0%" />
                  </conditions>
                </line>
                <line number="20" hits="0" branch="False" />
                <line number="21" hits="0" branch="False" />
                <line number="22" hits="0" branch="False" />
                <line number="23" hits="0" branch="False" />
                <line number="24" hits="0" branch="False" />
                <line number="27" hits="0" branch="False" />
                <line number="28" hits="0" branch="False" />
              </lines>
            </method>
            <method name="__Helper_DeserializeMessage" signature="(Grpc.Core.DeserializationContext,Google.Protobuf.MessageParser`1&lt;T&gt;)" line-rate="0" branch-rate="0" complexity="2">
              <lines>
                <line number="38" hits="0" branch="False" />
                <line number="40" hits="0" branch="True" condition-coverage="0% (0/2)">
                  <conditions>
                    <condition number="8" type="jump" coverage="0%" />
                  </conditions>
                </line>
                <line number="41" hits="0" branch="False" />
                <line number="42" hits="0" branch="False" />
                <line number="45" hits="0" branch="False" />
                <line number="46" hits="0" branch="False" />
              </lines>
            </method>
            <method name="get_Descriptor" signature="()" line-rate="0" branch-rate="1" complexity="1">
              <lines>
                <line number="64" hits="0" branch="False" />
              </lines>
            </method>
            <method name=".cctor" signature="()" line-rate="0" branch-rate="1" complexity="1">
              <lines>
                <line number="13" hits="0" branch="False" />
                <line number="49" hits="0" branch="False" />
                <line number="51" hits="0" branch="False" />
                <line number="54" hits="0" branch="False" />
                <line number="55" hits="0" branch="False" />
                <line number="56" hits="0" branch="False" />
                <line number="57" hits="0" branch="False" />
                <line number="58" hits="0" branch="False" />
                <line number="59" hits="0" branch="False" />
              </lines>
            </method>
          </methods>
          <lines>
            <line number="17" hits="0" branch="False" />
            <line number="19" hits="0" branch="True" condition-coverage="0% (0/2)">
              <conditions>
                <condition number="12" type="jump" coverage="0%" />
              </conditions>
            </line>
            <line number="20" hits="0" branch="False" />
            <line number="21" hits="0" branch="False" />
            <line number="22" hits="0" branch="False" />
            <line number="23" hits="0" branch="False" />
            <line number="24" hits="0" branch="False" />
            <line number="27" hits="0" branch="False" />
            <line number="28" hits="0" branch="False" />
            <line number="38" hits="0" branch="False" />
            <line number="40" hits="0" branch="True" condition-coverage="0% (0/2)">
              <conditions>
                <condition number="8" type="jump" coverage="0%" />
              </conditions>
            </line>
            <line number="41" hits="0" branch="False" />
            <line number="42" hits="0" branch="False" />
            <line number="45" hits="0" branch="False" />
            <line number="46" hits="0" branch="False" />
            <line number="64" hits="0" branch="False" />
            <line number="13" hits="0" branch="False" />
            <line number="49" hits="0" branch="False" />
            <line number="51" hits="0" branch="False" />
            <line number="54" hits="0" branch="False" />
            <line number="55" hits="0" branch="False" />
            <line number="56" hits="0" branch="False" />
            <line number="57" hits="0" branch="False" />
            <line number="58" hits="0" branch="False" />
            <line number="59" hits="0" branch="False" />
          </lines>
        </class>
        <class name="TechLogistics.Grpc.TelemetriaService/__Helper_MessageCache`1" filename="TechLogistics.Client\obj\Debug\net10.0\TelemetriaGrpc.cs" line-rate="0" branch-rate="1" complexity="1">
          <methods>
            <method name=".cctor" signature="()" line-rate="0" branch-rate="1" complexity="1">
              <lines>
                <line number="33" hits="0" branch="False" />
              </lines>
            </method>
          </methods>
          <lines>
            <line number="33" hits="0" branch="False" />
          </lines>
        </class>
        <class name="TechLogistics.Grpc.TelemetriaService/TelemetriaServiceClient" filename="TechLogistics.Client\obj\Debug\net10.0\TelemetriaGrpc.cs" line-rate="0" branch-rate="1" complexity="7">
          <methods>
            <method name="SuscribirseInventario" signature="(TechLogistics.Grpc.SuscripcionInventarioRequest,Grpc.Core.Metadata,System.Nullable`1&lt;System.DateTime&gt;,System.Threading.CancellationToken)" line-rate="0" branch-rate="1" complexity="1">
              <lines>
                <line number="96" hits="0" branch="False" />
                <line number="97" hits="0" branch="False" />
                <line number="98" hits="0" branch="False" />
              </lines>
            </method>
            <method name="SuscribirseInventario" signature="(TechLogistics.Grpc.SuscripcionInventarioRequest,Grpc.Core.CallOptions)" line-rate="0" branch-rate="1" complexity="1">
              <lines>
                <line number="101" hits="0" branch="False" />
                <line number="102" hits="0" branch="False" />
                <line number="103" hits="0" branch="False" />
              </lines>
            </method>
            <method name="NewInstance" signature="(Grpc.Core.ClientBase/ClientBaseConfiguration)" line-rate="0" branch-rate="1" complexity="1">
              <lines>
                <line number="107" hits="0" branch="False" />
                <line number="108" hits="0" branch="False" />
                <line number="109" hits="0" branch="False" />
              </lines>
            </method>
            <method name=".ctor" signature="(Grpc.Core.ChannelBase)" line-rate="0" branch-rate="1" complexity="1">
              <lines>
                <line number="73" hits="0" branch="False" />
                <line number="74" hits="0" branch="False" />
                <line number="75" hits="0" branch="False" />
              </lines>
            </method>
            <method name=".ctor" signature="(Grpc.Core.CallInvoker)" line-rate="0" branch-rate="1" complexity="1">
              <lines>
                <line number="79" hits="0" branch="False" />
                <line number="80" hits="0" branch="False" />
                <line number="81" hits="0" branch="False" />
              </lines>
            </method>
            <method name=".ctor" signature="()" line-rate="0" branch-rate="1" complexity="1">
              <lines>
                <line number="84" hits="0" branch="False" />
                <line number="85" hits="0" branch="False" />
                <line number="86" hits="0" branch="False" />
              </lines>
            </method>
            <method name=".ctor" signature="(Grpc.Core.ClientBase/ClientBaseConfiguration)" line-rate="0" branch-rate="1" complexity="1">
              <lines>
                <line number="90" hits="0" branch="False" />
                <line number="91" hits="0" branch="False" />
                <line number="92" hits="0" branch="False" />
              </lines>
            </method>
          </methods>
          <lines>
            <line number="96" hits="0" branch="False" />
            <line number="97" hits="0" branch="False" />
            <line number="98" hits="0" branch="False" />
            <line number="101" hits="0" branch="False" />
            <line number="102" hits="0" branch="False" />
            <line number="103" hits="0" branch="False" />
            <line number="107" hits="0" branch="False" />
            <line number="108" hits="0" branch="False" />
            <line number="109" hits="0" branch="False" />
            <line number="73" hits="0" branch="False" />
            <line number="74" hits="0" branch="False" />
            <line number="75" hits="0" branch="False" />
            <line number="79" hits="0" branch="False" />
            <line number="80" hits="0" branch="False" />
            <line number="81" hits="0" branch="False" />
            <line number="84" hits="0" branch="False" />
            <line number="85" hits="0" branch="False" />
            <line number="86" hits="0" branch="False" />
            <line number="90" hits="0" branch="False" />
            <line number="91" hits="0" branch="False" />
            <line number="92" hits="0" branch="False" />
          </lines>
        </class>
        <class name="TechLogistics.Client.App" filename="TechLogistics.Client\App.razor" line-rate="0" branch-rate="1" complexity="2">
          <methods>
            <method name="get_AuthProvider" signature="()" line-rate="0" branch-rate="1" complexity="1">
              <lines>
                <line number="40" hits="0" branch="False" />
              </lines>
            </method>
            <method name="get_Conectividad" signature="()" line-rate="0" branch-rate="1" complexity="1">
              <lines>
                <line number="44" hits="0" branch="False" />
              </lines>
            </method>
          </methods>
          <lines>
            <line number="40" hits="0" branch="False" />
            <line number="44" hits="0" branch="False" />
          </lines>
        </class>
        <class name="TechLogistics.Client.App/&lt;OnAfterRenderAsync&gt;d__9" filename="TechLogistics.Client\App.razor" line-rate="0" branch-rate="0" complexity="2">
          <methods>
            <method name="MoveNext" signature="()" line-rate="0" branch-rate="0" complexity="2">
              <lines>
                <line number="48" hits="0" branch="False" />
                <line number="49" hits="0" branch="True" condition-coverage="0% (0/2)">
                  <conditions>
                    <condition number="37" type="jump" coverage="0%" />
                  </conditions>
                </line>
                <line number="50" hits="0" branch="False" />
                <line number="51" hits="0" branch="False" />
                <line number="54" hits="0" branch="False" />
                <line number="56" hits="0" branch="False" />
                <line number="57" hits="0" branch="False" />
              </lines>
            </method>
          </methods>
          <lines>
            <line number="48" hits="0" branch="False" />
            <line number="49" hits="0" branch="True" condition-coverage="0% (0/2)">
              <conditions>
                <condition number="37" type="jump" coverage="0%" />
              </conditions>
            </line>
            <line number="50" hits="0" branch="False" />
            <line number="51" hits="0" branch="False" />
            <line number="54" hits="0" branch="False" />
            <line number="56" hits="0" branch="False" />
            <line number="57" hits="0" branch="False" />
          </lines>
        </class>
        <class name="TechLogistics.Client.Layout.MainLayout" filename="TechLogistics.Client\Layout\MainLayout.razor" line-rate="0" branch-rate="0" complexity="6">
          <methods>
            <method name="BuildRenderTree" signature="(Microsoft.AspNetCore.Components.Rendering.RenderTreeBuilder)" line-rate="0" branch-rate="0" complexity="4">
              <lines>
                <line number="4" hits="0" branch="True" condition-coverage="0% (0/2)">
                  <conditions>
                    <condition number="24" type="jump" coverage="0%" />
                  </conditions>
                </line>
                <line number="5" hits="0" branch="False" />
                <line number="6" hits="0" branch="False" />
                <line number="7" hits="0" branch="False" />
                <line number="9" hits="0" branch="True" condition-coverage="0% (0/2)">
                  <conditions>
                    <condition number="123" type="jump" coverage="0%" />
                  </conditions>
                </line>
                <line number="72" hits="0" branch="False" />
                <line number="79" hits="0" branch="False" />
              </lines>
            </method>
            <method name="ToggleSidebar" signature="()" line-rate="0" branch-rate="1" complexity="1">
              <lines>
                <line number="87" hits="0" branch="False" />
                <line number="88" hits="0" branch="False" />
                <line number="89" hits="0" branch="False" />
              </lines>
            </method>
            <method name=".ctor" signature="()" line-rate="0" branch-rate="1" complexity="1">
              <lines>
                <line number="84" hits="0" branch="False" />
              </lines>
            </method>
          </methods>
          <lines>
            <line number="4" hits="0" branch="True" condition-coverage="0% (0/2)">
              <conditions>
                <condition number="24" type="jump" coverage="0%" />
              </conditions>
            </line>
            <line number="5" hits="0" branch="False" />
            <line number="6" hits="0" branch="False" />
            <line number="7" hits="0" branch="False" />
            <line number="9" hits="0" branch="True" condition-coverage="0% (0/2)">
              <conditions>
                <condition number="123" type="jump" coverage="0%" />
              </conditions>
            </line>
            <line number="72" hits="0" branch="False" />
            <line number="79" hits="0" branch="False" />
            <line number="87" hits="0" branch="False" />
            <line number="88" hits="0" branch="False" />
            <line number="89" hits="0" branch="False" />
            <line number="84" hits="0" branch="False" />
          </lines>
        </class>
[...]
                <line number="307" hits="0" branch="False" />
                <line number="308" hits="0" branch="False" />
                <line number="309" hits="0" branch="False" />
                <line number="310" hits="0" branch="False" />
                <line number="311" hits="0" branch="False" />
                <line number="312" hits="0" branch="False" />
                <line number="313" hits="0" branch="False" />
                <line number="314" hits="0" branch="False" />
                <line number="316" hits="0" branch="False" />
                <line number="317" hits="0" branch="False" />
              </lines>
            </method>
          </methods>
          <lines>
            <line number="279" hits="0" branch="False" />
            <line number="280" hits="0" branch="False" />
            <line number="281" hits="0" branch="False" />
            <line number="283" hits="0" branch="True" condition-coverage="0% (0/2)">
              <conditions>
                <condition number="307" type="jump" coverage="0%" />
              </conditions>
            </line>
            <line number="284" hits="0" branch="False" />
            <line number="285" hits="0" branch="False" />
            <line number="286" hits="0" branch="False" />
            <line number="289" hits="0" branch="False" />
            <line number="290" hits="0" branch="False" />
            <line number="291" hits="0" branch="False" />
            <line number="292" hits="0" branch="False" />
            <line number="293" hits="0" branch="False" />
            <line number="294" hits="0" branch="False" />
            <line number="295" hits="0" branch="False" />
            <line number="296" hits="0" branch="False" />
            <line number="297" hits="0" branch="False" />
            <line number="298" hits="0" branch="False" />
            <line number="299" hits="0" branch="False" />
            <line number="300" hits="0" branch="False" />
            <line number="301" hits="0" branch="False" />
            <line number="302" hits="0" branch="False" />
            <line number="303" hits="0" branch="False" />
            <line number="304" hits="0" branch="False" />
            <line number="305" hits="0" branch="False" />
            <line number="306" hits="0" branch="False" />
            <line number="307" hits="0" branch="False" />
            <line number="308" hits="0" branch="False" />
            <line number="309" hits="0" branch="False" />
            <line number="310" hits="0" branch="False" />
            <line number="311" hits="0" branch="False" />
            <line number="312" hits="0" branch="False" />
            <line number="313" hits="0" branch="False" />
            <line number="314" hits="0" branch="False" />
            <line number="316" hits="0" branch="False" />
            <line number="317" hits="0" branch="False" />
          </lines>
        </class>
        <class name="TechLogistics.Controllers.InventarioController/&lt;ObtenerInventario&gt;d__3" filename="TechLogistics\Controllers\InventarioController.cs" line-rate="1" branch-rate="1" complexity="1">
          <methods>
            <method name="MoveNext" signature="()" line-rate="1" branch-rate="1" complexity="1">
              <lines>
                <line number="32" hits="2" branch="False" />
                <line number="33" hits="2" branch="False" />
                <line number="34" hits="2" branch="False" />
                <line number="35" hits="2" branch="False" />
                <line number="36" hits="2" branch="False" />
                <line number="37" hits="2" branch="False" />
                <line number="38" hits="2" branch="False" />
                <line number="39" hits="2" branch="False" />
                <line number="40" hits="2" branch="False" />
                <line number="41" hits="2" branch="False" />
                <line number="42" hits="2" branch="False" />
                <line number="43" hits="2" branch="False" />
                <line number="44" hits="2" branch="False" />
                <line number="45" hits="2" branch="False" />
                <line number="46" hits="2" branch="False" />
                <line number="47" hits="2" branch="False" />
                <line number="48" hits="2" branch="False" />
                <line number="49" hits="2" branch="False" />
                <line number="50" hits="2" branch="False" />
                <line number="51" hits="2" branch="False" />
                <line number="52" hits="2" branch="False" />
                <line number="53" hits="2" branch="False" />
                <line number="54" hits="2" branch="False" />
                <line number="56" hits="2" branch="False" />
                <line number="57" hits="2" branch="False" />
              </lines>
            </method>
          </methods>
          <lines>
            <line number="32" hits="2" branch="False" />
            <line number="33" hits="2" branch="False" />
            <line number="34" hits="2" branch="False" />
            <line number="35" hits="2" branch="False" />
            <line number="36" hits="2" branch="False" />
            <line number="37" hits="2" branch="False" />
            <line number="38" hits="2" branch="False" />
            <line number="39" hits="2" branch="False" />
            <line number="40" hits="2" branch="False" />
            <line number="41" hits="2" branch="False" />
            <line number="42" hits="2" branch="False" />
            <line number="43" hits="2" branch="False" />
            <line number="44" hits="2" branch="False" />
            <line number="45" hits="2" branch="False" />
            <line number="46" hits="2" branch="False" />
            <line number="47" hits="2" branch="False" />
            <line number="48" hits="2" branch="False" />
            <line number="49" hits="2" branch="False" />
            <line number="50" hits="2" branch="False" />
            <line number="51" hits="2" branch="False" />
            <line number="52" hits="2" branch="False" />
            <line number="53" hits="2" branch="False" />
            <line number="54" hits="2" branch="False" />
            <line number="56" hits="2" branch="False" />
            <line number="57" hits="2" branch="False" />
          </lines>
        </class>
        <class name="TechLogistics.Controllers.InventarioController/&lt;ObtenerInventarioPorId&gt;d__4" filename="TechLogistics\Controllers\InventarioController.cs" line-rate="1" branch-rate="1" complexity="2">
          <methods>
            <method name="MoveNext" signature="()" line-rate="1" branch-rate="1" complexity="2">
              <lines>
                <line number="67" hits="3" branch="False" />
                <line number="68" hits="3" branch="False" />
                <line number="69" hits="3" branch="False" />
                <line number="70" hits="3" branch="False" />
                <line number="71" hits="3" branch="False" />
                <line number="72" hits="3" branch="False" />
                <line number="73" hits="3" branch="False" />
                <line number="74" hits="3" branch="False" />
                <line number="75" hits="3" branch="False" />
                <line number="76" hits="3" branch="False" />
                <line number="77" hits="3" branch="False" />
                <line number="78" hits="3" branch="False" />
                <line number="79" hits="3" branch="False" />
                <line number="80" hits="3" branch="False" />
                <line number="81" hits="3" branch="False" />
                <line number="82" hits="3" branch="False" />
                <line number="83" hits="3" branch="False" />
                <line number="84" hits="3" branch="False" />
                <line number="85" hits="3" branch="False" />
                <line number="86" hits="3" branch="False" />
                <line number="87" hits="3" branch="False" />
                <line number="88" hits="3" branch="False" />
                <line number="89" hits="3" branch="False" />
                <line number="91" hits="3" branch="True" condition-coverage="100% (2/2)">
                  <conditions>
                    <condition number="886" type="jump" coverage="100%" />
                  </conditions>
                </line>
                <line number="92" hits="2" branch="False" />
                <line number="93" hits="2" branch="False" />
                <line number="94" hits="2" branch="False" />
                <line number="97" hits="1" branch="False" />
                <line number="98" hits="3" branch="False" />
              </lines>
            </method>
          </methods>
          <lines>
            <line number="67" hits="3" branch="False" />
            <line number="68" hits="3" branch="False" />
            <line number="69" hits="3" branch="False" />
            <line number="70" hits="3" branch="False" />
            <line number="71" hits="3" branch="False" />
            <line number="72" hits="3" branch="False" />
            <line number="73" hits="3" branch="False" />
            <line number="74" hits="3" branch="False" />
            <line number="75" hits="3" branch="False" />
            <line number="76" hits="3" branch="False" />
            <line number="77" hits="3" branch="False" />
            <line number="78" hits="3" branch="False" />
            <line number="79" hits="3" branch="False" />
            <line number="80" hits="3" branch="False" />
            <line number="81" hits="3" branch="False" />
            <line number="82" hits="3" branch="False" />
            <line number="83" hits="3" branch="False" />
            <line number="84" hits="3" branch="False" />
            <line number="85" hits="3" branch="False" />
            <line number="86" hits="3" branch="False" />
            <line number="87" hits="3" branch="False" />
            <line number="88" hits="3" branch="False" />
            <line number="89" hits="3" branch="False" />
            <line number="91" hits="3" branch="True" condition-coverage="100% (2/2)">
              <conditions>
                <condition number="886" type="jump" coverage="100%" />
              </conditions>
            </line>
            <line number="92" hits="2" branch="False" />
            <line number="93" hits="2" branch="False" />
            <line number="94" hits="2" branch="False" />
            <line number="97" hits="1" branch="False" />
            <line number="98" hits="3" branch="False" />
          </lines>
        </class>
        <class name="TechLogistics.Controllers.InventarioController/&lt;ObtenerPorCentro&gt;d__6" filename="TechLogistics\Controllers\InventarioController.cs" line-rate="0" branch-rate="0" complexity="2">
          <methods>
            <method name="MoveNext" signature="()" line-rate="0" branch-rate="0" complexity="2">
              <lines>
                <line number="153" hits="0" branch="False" />
                <line number="154" hits="0" branch="False" />
                <line number="155" hits="0" branch="False" />
                <line number="157" hits="0" branch="True" condition-coverage="0% (0/2)">
                  <conditions>
                    <condition number="307" type="jump" coverage="0%" />
                  </conditions>
                </line>
                <line number="158" hits="0" branch="False" />
                <line number="159" hits="0" branch="False" />
                <line number="160" hits="0" branch="False" />
                <line number="163" hits="0" branch="False" />
                <line number="164" hits="0" branch="False" />
                <line number="165" hits="0" branch="False" />
                <line number="166" hits="0" branch="False" />
                <line number="167" hits="0" branch="False" />
                <line number="168" hits="0" branch="False" />
                <line number="169" hits="0" branch="False" />
                <line number="170" hits="0" branch="False" />
                <line number="171" hits="0" branch="False" />
                <line number="172" hits="0" branch="False" />
                <line number="173" hits="0" branch="False" />
                <line number="174" hits="0" branch="False" />
                <line number="175" hits="0" branch="False" />
                <line number="176" hits="0" branch="False" />
                <line number="177" hits="0" branch="False" />
                <line number="178" hits="0" branch="False" />
                <line number="179" hits="0" branch="False" />
                <line number="180" hits="0" branch="False" />
                <line number="181" hits="0" branch="False" />
                <line number="182" hits="0" branch="False" />
                <line number="183" hits="0" branch="False" />
                <line number="184" hits="0" branch="False" />
                <line number="185" hits="0" branch="False" />
                <line number="187" hits="0" branch="False" />
                <line number="188" hits="0" branch="False" />
              </lines>
            </method>
          </methods>
          <lines>
            <line number="153" hits="0" branch="False" />
            <line number="154" hits="0" branch="False" />
            <line number="155" hits="0" branch="False" />
            <line number="157" hits="0" branch="True" condition-coverage="0% (0/2)">
              <conditions>
                <condition number="307" type="jump" coverage="0%" />
              </conditions>
            </line>
            <line number="158" hits="0" branch="False" />
            <line number="159" hits="0" branch="False" />
            <line number="160" hits="0" branch="False" />
            <line number="163" hits="0" branch="False" />
            <line number="164" hits="0" branch="False" />
            <line number="165" hits="0" branch="False" />
            <line number="166" hits="0" branch="False" />
            <line number="167" hits="0" branch="False" />
            <line number="168" hits="0" branch="False" />
            <line number="169" hits="0" branch="False" />
            <line number="170" hits="0" branch="False" />
            <line number="171" hits="0" branch="False" />
            <line number="172" hits="0" branch="False" />
            <line number="173" hits="0" branch="False" />
            <line number="174" hits="0" branch="False" />
            <line number="175" hits="0" branch="False" />
            <line number="176" hits="0" branch="False" />
            <line number="177" hits="0" branch="False" />
            <line number="178" hits="0" branch="False" />
            <line number="179" hits="0" branch="False" />
            <line number="180" hits="0" branch="False" />
            <line number="181" hits="0" branch="False" />
            <line number="182" hits="0" branch="False" />
            <line number="183" hits="0" branch="False" />
            <line number="184" hits="0" branch="False" />
            <line number="185" hits="0" branch="False" />
            <line number="187" hits="0" branch="False" />
            <line number="188" hits="0" branch="False" />
          </lines>
        </class>
        <class name="TechLogistics.Controllers.InventarioController/&lt;ObtenerPorProducto&gt;d__5" filename="TechLogistics\Controllers\InventarioController.cs" line-rate="0" branch-rate="0" complexity="2">
          <methods>
            <method name="MoveNext" signature="()" line-rate="0" branch-rate="0" complexity="2">
              <lines>
                <line number="108" hits="0" branch="False" />
                <line number="109" hits="0" branch="False" />
                <line number="110" hits="0" branch="False" />
                <line number="112" hits="0" branch="True" condition-coverage="0% (0/2)">
                  <conditions>
                    <condition number="307" type="jump" coverage="0%" />
                  </conditions>
                </line>
                <line number="113" hits="0" branch="False" />
                <line number="114" hits="0" branch="False" />
                <line number="115" hits="0" branch="False" />
                <line number="118" hits="0" branch="False" />
                <line number="119" hits="0" branch="False" />
                <line number="120" hits="0" branch="False" />
                <line number="121" hits="0" branch="False" />
                <line number="122" hits="0" branch="False" />
                <line number="123" hits="0" branch="False" />
                <line number="124" hits="0" branch="False" />
                <line number="125" hits="0" branch="False" />
                <line number="126" hits="0" branch="False" />
                <line number="127" hits="0" branch="False" />
                <line number="128" hits="0" branch="False" />
                <line number="129" hits="0" branch="False" />
                <line number="130" hits="0" branch="False" />
                <line number="131" hits="0" branch="False" />
                <line number="132" hits="0" branch="False" />
                <line number="133" hits="0" branch="False" />
                <line number="134" hits="0" branch="False" />
                <line number="135" hits="0" branch="False" />
                <line number="136" hits="0" branch="False" />
                <line number="137" hits="0" branch="False" />
                <line number="138" hits="0" branch="False" />
                <line number="139" hits="0" branch="False" />
                <line number="140" hits="0" branch="False" />
                <line number="142" hits="0" branch="False" />
                <line number="143" hits="0" branch="False" />
              </lines>
            </method>
          </methods>
          <lines>
            <line number="108" hits="0" branch="False" />
            <line number="109" hits="0" branch="False" />
            <line number="110" hits="0" branch="False" />
            <line number="112" hits="0" branch="True" condition-coverage="0% (0/2)">
              <conditions>
                <condition number="307" type="jump" coverage="0%" />
              </conditions>
            </line>
            <line number="113" hits="0" branch="False" />
            <line number="114" hits="0" branch="False" />
            <line number="115" hits="0" branch="False" />
            <line number="118" hits="0" branch="False" />
            <line number="119" hits="0" branch="False" />
            <line number="120" hits="0" branch="False" />
            <line number="121" hits="0" branch="False" />
            <line number="122" hits="0" branch="False" />
            <line number="123" hits="0" branch="False" />
            <line number="124" hits="0" branch="False" />
            <line number="125" hits="0" branch="False" />
            <line number="126" hits="0" branch="False" />
            <line number="127" hits="0" branch="False" />
            <line number="128" hits="0" branch="False" />
            <line number="129" hits="0" branch="False" />
            <line number="130" hits="0" branch="False" />
            <line number="131" hits="0" branch="False" />
            <line number="132" hits="0" branch="False" />
            <line number="133" hits="0" branch="False" />
            <line number="134" hits="0" branch="False" />
            <line number="135" hits="0" branch="False" />
            <line number="136" hits="0" branch="False" />
            <line number="137" hits="0" branch="False" />
            <line number="138" hits="0" branch="False" />
            <line number="139" hits="0" branch="False" />
            <line number="140" hits="0" branch="False" />
            <line number="142" hits="0" branch="False" />
            <line number="143" hits="0" branch="False" />
          </lines>
        </class>
      </classes>
    </package>
  </packages>
</coverage>